SF:lib\main.dart
DA:5,0
DA:8,1
DA:10,1
DA:11,1
LF:4
LH:3
end_of_record
SF:lib\HomePage.dart
DA:4,1
DA:5,1
DA:11,0
DA:12,0
DA:13,0
DA:14,0
DA:15,0
DA:16,0
DA:17,0
DA:18,0
DA:19,0
DA:20,0
DA:21,0
DA:22,0
DA:31,1
DA:33,1
DA:34,1
DA:36,1
DA:38,1
DA:40,1
DA:42,1
DA:43,1
DA:45,1
DA:50,1
DA:51,1
DA:52,1
DA:53,1
DA:55,1
DA:56,1
DA:57,1
DA:58,0
DA:59,0
DA:65,1
DA:66,1
DA:67,0
DA:68,0
DA:74,1
DA:75,1
DA:76,0
DA:77,0
DA:83,1
DA:84,1
DA:86,1
DA:87,1
DA:88,0
DA:89,0
DA:91,1
DA:93,1
DA:94,1
DA:95,0
DA:96,0
DA:97,0
DA:100,1
LF:53
LH:30
end_of_record
